2024-04-03 23:56:14,189 - selenium.webdriver.common.selenium_manager - WARNING - The chromedriver version (122.0.6261.128) detected in PATH at C:\Users\CHARLIE\AppData\Local\Programs\Python\Python312\Scripts\chromedriver.exe might not be compatible with the detected chrome version (123.0.6312.86); currently, chromedriver 123.0.6312.86 is recommended for chrome 123.*, so it is advised to delete the driver in PATH and retry
2024-04-03 23:56:21,878 - root - INFO - *************** Starting Registration Test ***************
2024-04-03 23:58:01,483 - selenium.webdriver.common.selenium_manager - WARNING - The chromedriver version (122.0.6261.128) detected in PATH at C:\Users\CHARLIE\AppData\Local\Programs\Python\Python312\Scripts\chromedriver.exe might not be compatible with the detected chrome version (123.0.6312.86); currently, chromedriver 123.0.6312.86 is recommended for chrome 123.*, so it is advised to delete the driver in PATH and retry
2024-04-03 23:58:03,551 - root - INFO - *************** Starting Registration Test ***************
2024-04-04 00:01:12,810 - selenium.webdriver.common.selenium_manager - WARNING - The chromedriver version (122.0.6261.128) detected in PATH at C:\Users\CHARLIE\AppData\Local\Programs\Python\Python312\Scripts\chromedriver.exe might not be compatible with the detected chrome version (123.0.6312.86); currently, chromedriver 123.0.6312.86 is recommended for chrome 123.*, so it is advised to delete the driver in PATH and retry
2024-04-04 00:01:15,095 - root - INFO - *************** Starting Registration Test ***************
2024-04-04 00:02:59,083 - selenium.webdriver.common.selenium_manager - WARNING - The chromedriver version (122.0.6261.128) detected in PATH at C:\Users\CHARLIE\AppData\Local\Programs\Python\Python312\Scripts\chromedriver.exe might not be compatible with the detected chrome version (123.0.6312.86); currently, chromedriver 123.0.6312.86 is recommended for chrome 123.*, so it is advised to delete the driver in PATH and retry
2024-04-04 00:03:01,192 - root - INFO - *************** Starting Registration Test ***************
2024-04-04 00:03:54,480 - selenium.webdriver.common.selenium_manager - WARNING - The chromedriver version (122.0.6261.128) detected in PATH at C:\Users\CHARLIE\AppData\Local\Programs\Python\Python312\Scripts\chromedriver.exe might not be compatible with the detected chrome version (123.0.6312.86); currently, chromedriver 123.0.6312.86 is recommended for chrome 123.*, so it is advised to delete the driver in PATH and retry
2024-04-04 00:03:56,749 - root - INFO - *************** Starting Registration Test ***************
2024-04-04 00:04:09,088 - root - INFO - *************** Registration Test Complete ***************
2024-04-04 00:04:09,088 - root - INFO - *************** Test_001_Registration Successful ***************
2024-04-06 23:55:54,691 - selenium.webdriver.common.selenium_manager - WARNING - The chromedriver version (122.0.6261.128) detected in PATH at C:\Users\CHARLIE\AppData\Local\Programs\Python\Python312\Scripts\chromedriver.exe might not be compatible with the detected chrome version (123.0.6312.105); currently, chromedriver 123.0.6312.105 is recommended for chrome 123.*, so it is advised to delete the driver in PATH and retry
2024-04-06 23:56:17,261 - root - INFO - *************** Starting Login Test ***************
2024-04-06 23:57:12,543 - selenium.webdriver.common.selenium_manager - WARNING - The chromedriver version (122.0.6261.128) detected in PATH at C:\Users\CHARLIE\AppData\Local\Programs\Python\Python312\Scripts\chromedriver.exe might not be compatible with the detected chrome version (123.0.6312.105); currently, chromedriver 123.0.6312.105 is recommended for chrome 123.*, so it is advised to delete the driver in PATH and retry
2024-04-06 23:57:18,795 - root - INFO - *************** Starting Login Test ***************
2024-04-06 23:57:40,716 - root - INFO - ****************** Login Successful ******************
2024-04-06 23:57:40,716 - root - INFO - ****************** Test_002_Login Successful ******************
2024-04-07 00:49:39,842 - selenium.webdriver.common.selenium_manager - WARNING - The chromedriver version (122.0.6261.128) detected in PATH at C:\Users\CHARLIE\AppData\Local\Programs\Python\Python312\Scripts\chromedriver.exe might not be compatible with the detected chrome version (123.0.6312.105); currently, chromedriver 123.0.6312.105 is recommended for chrome 123.*, so it is advised to delete the driver in PATH and retry
2024-04-07 00:50:04,686 - root - INFO - *************** Logging In ***************
2024-04-07 00:50:13,085 - root - INFO - *************** Login Successful ***************
2024-04-07 00:50:13,086 - root - INFO - *************** Starting Test_003_SearchAndAddToCart ***************
2024-04-07 00:50:13,086 - root - INFO - *************** Searching for Product: iPhone ***************
2024-04-07 00:50:14,011 - root - INFO - *************** Adding Product to Shopping Cart ***************
2024-04-07 00:52:15,667 - selenium.webdriver.common.selenium_manager - WARNING - The chromedriver version (122.0.6261.128) detected in PATH at C:\Users\CHARLIE\AppData\Local\Programs\Python\Python312\Scripts\chromedriver.exe might not be compatible with the detected chrome version (123.0.6312.105); currently, chromedriver 123.0.6312.105 is recommended for chrome 123.*, so it is advised to delete the driver in PATH and retry
2024-04-07 00:52:18,842 - root - INFO - *************** Logging In ***************
2024-04-07 00:52:34,584 - root - INFO - *************** Login Successful ***************
2024-04-07 00:52:34,584 - root - INFO - *************** Starting Test_003_SearchAndAddToCart ***************
2024-04-07 00:52:34,584 - root - INFO - *************** Searching for Product: iPhone ***************
2024-04-07 00:52:35,554 - root - INFO - *************** Adding Product to Shopping Cart ***************
2024-04-07 00:55:22,746 - selenium.webdriver.common.selenium_manager - WARNING - The chromedriver version (122.0.6261.128) detected in PATH at C:\Users\CHARLIE\AppData\Local\Programs\Python\Python312\Scripts\chromedriver.exe might not be compatible with the detected chrome version (123.0.6312.105); currently, chromedriver 123.0.6312.105 is recommended for chrome 123.*, so it is advised to delete the driver in PATH and retry
2024-04-07 00:55:25,273 - root - INFO - *************** Logging In ***************
2024-04-07 00:55:46,182 - root - INFO - *************** Login Successful ***************
2024-04-07 00:55:46,182 - root - INFO - *************** Starting Test_003_SearchAndAddToCart ***************
2024-04-07 00:55:46,182 - root - INFO - *************** Searching for Product: iPhone ***************
2024-04-07 00:55:48,131 - root - INFO - *************** Adding Product to Shopping Cart ***************
2024-04-07 00:55:55,441 - root - INFO - *************** Searching for Product: iMac ***************
2024-04-07 00:55:57,194 - root - INFO - *************** Adding Product to Shopping Cart ***************
2024-04-07 00:57:27,004 - selenium.webdriver.common.selenium_manager - WARNING - The chromedriver version (122.0.6261.128) detected in PATH at C:\Users\CHARLIE\AppData\Local\Programs\Python\Python312\Scripts\chromedriver.exe might not be compatible with the detected chrome version (123.0.6312.105); currently, chromedriver 123.0.6312.105 is recommended for chrome 123.*, so it is advised to delete the driver in PATH and retry
2024-04-07 00:57:30,034 - root - INFO - *************** Logging In ***************
2024-04-07 00:57:45,826 - root - INFO - *************** Login Successful ***************
2024-04-07 00:57:45,826 - root - INFO - *************** Starting Test_003_SearchAndAddToCart ***************
2024-04-07 00:57:45,827 - root - INFO - *************** Searching for Product: iPhone ***************
2024-04-07 00:57:46,917 - root - INFO - *************** Adding Product to Shopping Cart ***************
2024-04-07 00:57:53,722 - root - INFO - *************** Searching for Product: iMac ***************
2024-04-07 00:57:55,999 - root - INFO - *************** Adding Product to Shopping Cart ***************
2024-04-07 01:02:02,459 - selenium.webdriver.common.selenium_manager - WARNING - The chromedriver version (122.0.6261.128) detected in PATH at C:\Users\CHARLIE\AppData\Local\Programs\Python\Python312\Scripts\chromedriver.exe might not be compatible with the detected chrome version (123.0.6312.105); currently, chromedriver 123.0.6312.105 is recommended for chrome 123.*, so it is advised to delete the driver in PATH and retry
2024-04-07 01:02:05,327 - root - INFO - *************** Logging In ***************
2024-04-07 01:02:20,114 - root - INFO - *************** Login Successful ***************
2024-04-07 01:02:20,114 - root - INFO - *************** Starting Test_003_SearchAndAddToCart ***************
2024-04-07 01:02:20,114 - root - INFO - *************** Searching for Product: iPhone ***************
2024-04-07 01:02:21,182 - root - INFO - *************** Adding Product to Shopping Cart ***************
2024-04-07 01:02:27,627 - root - INFO - *************** Searching for Product: iMac ***************
2024-04-07 01:02:30,641 - root - INFO - *************** Adding Product to Shopping Cart ***************
2024-04-07 01:05:16,468 - selenium.webdriver.common.selenium_manager - WARNING - The chromedriver version (122.0.6261.128) detected in PATH at C:\Users\CHARLIE\AppData\Local\Programs\Python\Python312\Scripts\chromedriver.exe might not be compatible with the detected chrome version (123.0.6312.105); currently, chromedriver 123.0.6312.105 is recommended for chrome 123.*, so it is advised to delete the driver in PATH and retry
2024-04-07 01:05:19,930 - root - INFO - *************** Logging In ***************
2024-04-07 01:05:49,418 - root - INFO - *************** Login Successful ***************
2024-04-07 01:05:49,419 - root - INFO - *************** Starting Test_003_SearchAndAddToCart ***************
2024-04-07 01:05:49,419 - root - INFO - *************** Searching for Product: iPhone ***************
2024-04-07 01:05:51,322 - root - INFO - *************** Adding Product to Shopping Cart ***************
2024-04-07 01:05:58,689 - root - INFO - *************** Searching for Product: iMac ***************
2024-04-07 01:06:00,192 - root - INFO - *************** Adding Product to Shopping Cart ***************
2024-04-07 01:06:06,628 - root - INFO - *************** Test_003_SearchAndAddToCart Successful ***************
2024-04-11 17:33:42,437 - selenium.webdriver.common.selenium_manager - WARNING - The chromedriver version (122.0.6261.128) detected in PATH at C:\Users\CHARLIE\AppData\Local\Programs\Python\Python312\Scripts\chromedriver.exe might not be compatible with the detected chrome version (123.0.6312.106); currently, chromedriver 123.0.6312.122 is recommended for chrome 123.*, so it is advised to delete the driver in PATH and retry
2024-04-11 17:33:49,234 - root - INFO - *************** Logging In ***************
2024-04-12 12:27:47,958 - selenium.webdriver.common.selenium_manager - WARNING - The chromedriver version (122.0.6261.128) detected in PATH at C:\Users\CHARLIE\AppData\Local\Programs\Python\Python312\Scripts\chromedriver.exe might not be compatible with the detected chrome version (123.0.6312.106); currently, chromedriver 123.0.6312.122 is recommended for chrome 123.*, so it is advised to delete the driver in PATH and retry
2024-04-12 12:28:05,655 - root - INFO - *************** Logging In ***************
2024-04-12 12:28:16,700 - root - INFO - *************** Login Successful ***************
2024-04-12 12:28:16,700 - root - INFO - *************** Starting Test_003_SearchAndAddToCart ***************
2024-04-12 12:28:16,701 - root - INFO - *************** Searching for Product: iPhone ***************
2024-04-12 12:28:19,007 - root - INFO - *************** Adding Product to Shopping Cart ***************
2024-04-12 12:28:19,204 - root - INFO - *************** Searching for Product: iMac ***************
2024-04-12 12:28:20,105 - root - INFO - *************** Adding Product to Shopping Cart ***************
2024-04-12 12:28:20,253 - root - INFO - ********************* Entering Shopping Cart ************************
2024-04-12 12:28:26,823 - root - INFO - ********************* Checking Out ************************
2024-04-12 12:28:29,279 - root - INFO - ********************* Entering Billing Details ************************
2024-04-12 12:28:32,156 - root - INFO - ********************* Entering Delivery Details ************************
2024-04-12 12:28:34,738 - root - INFO - ********************* Setting Payment Method ************************
2024-04-12 12:28:36,159 - root - INFO - ********************* Confirming Order ************************
2024-04-12 12:28:39,671 - root - INFO - ********************* Product CheckOut Successful ************************
2024-04-12 12:28:39,671 - root - INFO - ********************* Test_004_CheckOut Successful ************************
